64592a73-66b4-41db-a287-a4fe0c076117
dedda02a-c50c-4a74-922b-593036677ef6
895194d0-6b78-46d5-b2f6-89b5124e27c0
b56bc2e9-27f8-45b6-a383-142f5a90833c
34c41b07-c481-483c-a577-f7751f21afb6
7ba003e7-e6e6-4008-a95e-4475d907944b
8d1bc057-68cf-486f-9ce7-b48512a18c57
bc48a09b-5d1a-4ae9-a6d6-486229bcd3aa
766c7d6a-e290-486b-8286-6b689f3dc4a4
b1c94962-0ac6-4df9-9e1f-309076af8a9b
198141b0-21b3-4b17-96d4-82d48a2d3681
b873c85c-468c-4a9e-a9f5-cd44b56d89c8
1a7cd176-9674-47c9-a30c-24078f50abe3
e465bf08-af2e-4e0d-a806-60e7520b59e0
25104305-10ca-4b1b-a140-8b80fdc7a07c
393c9f11-b50e-41ef-b892-7b4d0656ac79
7c1ffda4-df60-4a51-8ed0-09a29b47782b
0313f157-1cea-45c4-a5d8-4cf5111f7821
825f264b-19cd-44ad-9146-d5002f72853b
47748fb0-31cb-476c-992f-52cdc2ad8808
e5bed0cf-a9a7-4876-99c3-06db0b7fcf29
b57b8480-5887-4b8a-8563-053d765c0054
fff615fe-3947-4fe5-84d6-707230e3b71a
23517fde-4ed1-4a4f-b6b7-75cfe7725f68
4438db61-0db6-4e19-bee9-52438db7716c
45c660ed-e1a8-44cc-8e10-9a71fae74233
7fcf6cee-1ff1-4a2d-8d6a-e38c06c933a6
f0e23eb1-d8fb-4a94-bf81-04fd25fe3c2e
b1d0a425-28c0-4171-874f-1100b44b1edf
706fad9b-9f0f-4013-a242-af603cc851e9
2acf4624-aeb6-4eec-9a0e-c86fe8e835d6
5798b3c0-1e62-40c1-a704-e10bfe23dd53
15c5fd22-b4fe-44e0-8175-d3d89b457403
2ef5ac0f-d115-4d36-89a9-8b4de89c8e9a
beb71615-9fa7-4784-afcc-975ba2151c9a
cc62e4de-3567-4dae-bce1-4ace49ca0471
cb4cf092-f188-4ea0-b177-c0180704ab4c
d6991171-28b3-4222-a3cb-493a25c80ec4
0c52faa5-36e6-44cf-b28c-c1b7e9a9cd68
5d513fc1-fb99-47ee-a12d-90f9ce4d9cd3
f2fbc60e-9bd6-46a8-ba17-fb47f44710e6
75217b6b-f55b-4b79-b88a-30551d791f8c
3f30dd29-4989-47a4-bbd8-2bfa06ee4002
a38cf455-98d3-4385-a8e6-93dd9018cb5b
8bc11a5c-8083-4d4a-9d33-ff907c1f164d
73e237b6-861e-42fa-8b4f-01a814693a6b
e7d77721-26d9-4d60-aef1-9fd107cd0b52
5bd9a93d-ece8-45cb-837c-bbb5c6f08d8f
a17e3e9c-55c2-4a66-b572-b81a42954705
317ca484-ad6d-429d-9971-e0f3f0255c2f
1bfd9567-8c07-4f26-81f6-11ca7a3d9ed2
42a39821-6192-42c8-b201-a3628028fab7
69827baf-3817-4c8a-9732-06c912761f86
ed3f8a56-0a8d-44a4-97fa-4a347d0bea3e
bab5d0f4-6cac-49aa-9a38-22615b9784c9
c904ed11-3b8d-4520-9496-4879c730d0e8
c078c97b-401b-43f4-a26a-ec1dc8946fdc
1550608f-0b40-415f-81b5-b91537ce1a5a
80f26f97-0d6c-4f1a-9123-78bc650555dc
a3a3d629-f582-444b-9f74-7b01b2b1d0aa
11e522d2-43af-4148-97dd-ce42d2cf49c5
05e7e82f-c9f6-482c-9131-228917db6666
b98764c8-572a-4a4b-9478-13e6731ffa6d
c83995c7-f734-45cb-bdad-a95294527438
2d2349b1-8d8b-4c79-aaa4-331b7ee7ecd5
12aacfc7-84ca-4f72-8420-8d5b855bc5d2
87230e80-0a7b-4f89-bde5-3c5be865ff5c
51a11ae5-3e67-4446-844e-c66c62c647ac
18d57b46-ff2d-44f0-ac7a-94801b91de0a
d0a53565-00f0-4cf0-8800-5ac226d9cba7
a6d82d13-4e08-4ee8-b7cb-52c40d427a08
09a9fb37-b446-47e0-b145-a6250b50e65b
de05c639-883e-480e-a2e4-14a1293b7fd5
75c7e0ea-48a3-430e-976f-ac5e92e5e005
8f5243c3-4e26-4633-8685-87c6b4b454f7
ad306f33-309d-4b60-bd1e-e07d4c0c14ef
f2d79d20-18fe-46d7-a391-484e0134569b
2b6f5a87-0148-4449-a824-b5145792b73e
346d407a-bdb9-4dda-b4ff-de745d349b49
c906cce7-4578-45a6-b532-bc868ae42287
7875de38-2dd8-40f6-be81-128f081bfe6d
d0c63e77-0656-47a0-8f39-6bfb978801cb
4c2496e4-5c83-40e0-b12b-1c61cc2dc404
6e54b156-8d3d-435d-acaf-3feef88fde65
3dd1016c-f7bf-40c8-b224-9828a1f99376
060547be-80b6-453a-9bbe-07cf7758710f
1b238ebd-1367-40c0-bc15-8debd48e9bbf
fef90c79-1835-4f47-b9bd-4e4f297c8079
1c897486-9afb-475a-b33b-a3f56f890025
5b39850b-9d05-4b45-8305-f9fc2cc08fd6
49165877-4090-4ddb-87ce-518a82befe98
1f849b26-a135-4ac9-a54d-26397eb3c075
9f55b10a-ce08-45da-9792-b15fa6bd8b53
9e82581f-3928-4874-afd1-bb4ebc3b325c
bb458fff-be60-4cc0-b815-397f43dfcd45
e4fca63e-827b-40b1-835a-a98558af9c4d
00952f10-176e-416e-8515-268b6dce0a0d
fc1b7690-e937-42fe-81fc-f0bd8065b3c2
4e449bcc-1948-4b36-8db2-2533d4598788
1e8e7759-53ee-47e5-a72d-eae1f9ae1f09
97c9c7b9-aea0-41c9-bc89-77a9da159e7f
0a3a2fc7-30a3-436b-ad38-7fe810b7dca6
73ce2b2b-8e2a-4f0f-88bd-34875b7f0c57
85a36104-7e8a-4c33-ac2a-301e0666025c
17bb9817-c009-4760-afed-3ca7b35d6c6e
afe3e791-56eb-4d11-a711-043bbedbcac1
1ae9875a-3f67-473b-b58d-edbc70531dc4
f7675e93-74a9-48da-b366-791e32a025bf
eb7ff73e-1777-4b7b-8681-456a22ea7d80
78c7632c-d521-4d72-8106-640a065e9d5f
e6c80ae4-9c6e-41cf-b57e-951face885a4
681a7442-ee3d-4c91-8911-3a5fe69a36dc
633889e1-8d78-4e72-942e-c86a2c0a798c
ff3d6c74-6bf2-4b20-a87f-2d4c95510157
68bef104-7420-4943-b8b6-8272a010edf5
70559ff1-047f-46b0-8771-f2d8c7f7e739
25979e70-59a8-45b5-a16a-5b2f9c117588
390255f9-1e24-4a55-8d1e-71c139ed1e9f
e7d23e34-8362-472e-b3ee-18d01841c350
50eb0f7a-c5b6-49cb-af53-37bf3c662f37
642b9cb8-609f-437e-91a2-cbdcdad15734
51d4c02c-7f3d-4bcd-a5ff-aab94b1a1318
083df7ba-f0c3-41d0-8a58-d9d0986b231c
07e32ab4-52fe-4e07-ad6a-f3e767f68cca
8526c0e6-6db2-48f4-81e3-1a824e62e279
771dbaad-e50a-4a24-947b-7569df4d6743
a763f993-4f0f-4de4-916d-ddab2428de21
58456e6f-6e24-4b49-8f57-a80fe9d5ec08
c4641817-abe0-48e7-b18a-2f358f614bb1
68413cd3-cf47-4c92-bc7a-fc17f2fbfb56
22bc1be2-3745-482d-abc6-e3b032912720
4b805ce4-adcc-408c-ba85-622abea54ee3
1555c827-622b-4669-a9f3-43470a179531
c538c3bd-c8e4-4949-a584-1847b10f7b0f
89968a26-7674-4aa7-b019-8eda5696cfe2
f10f1bf3-ddfa-4fbf-9abf-4abc61799b7d
44f1da22-352d-478a-8dba-5c86c0498f13
e57d93d6-3d33-428c-845f-5105b7cc42dc
b49c4e89-9691-42eb-aa4b-c8a59f1528da
71a14847-d7e0-42b2-9f23-5f6549d4d242
a7c05afc-a08b-4788-b75a-1653dca5ee3f
7704a992-efb5-4c46-94d0-069cea4aa460
aa6a078d-43f6-4dac-b385-a89d91fb8e03
f8134d36-c5c6-4ba8-b740-5510ddff7569
28c99051-9753-4b78-b1ec-02b14d5ae052
d663b920-f121-472a-bf97-a2c51c1c9f1f
d862eaf1-a99e-47ee-b55c-2c871ffb1133
cd70120e-9bf9-4702-9a17-948ea41b935f
847b4707-5ad5-450f-96b3-61e8a4709ab5
9b9e3090-49c9-431f-aaaa-cba5e91769c3
db6d5071-dd38-4e00-a0ca-50d8f0ffade1
23e1fcac-d148-460a-984c-57f7337f50df
eb05b25d-1088-4962-a8de-deaf39a3e528
98ac3134-9d7b-4c97-b605-c7a5bfc94717
b4acf651-ef4d-4290-97ba-83c0d4ec950d
e65af3a1-454b-44b2-a4a2-f226e2decb05
00b1808c-158b-4685-af3b-385337298ebd
f390371f-a304-473e-90e4-a4ee17f84966
b8a4e454-473a-48c6-9d88-1fe7722ad93c
d80f3f68-0da1-4488-8c4b-608c2f3ea8e4
b1432ffe-9bb2-425b-8929-d2e746e6d735
0f111303-fddb-4c9c-97e6-e2d84344ea26
f0a09b4d-ab7d-41a8-8d16-95b79bd534aa
53c53836-b80f-43aa-87ac-b5d43a2e31b4
778f70d1-7569-493e-8e95-03fded60ab10
0c08b202-540f-4dd8-8337-6fb283778b20
775395ad-b708-4a29-ad73-efc5afd433a3
2f7ac799-2825-4c9a-9d79-36761c9257bc
4d21de41-911b-407c-9bcf-6711b3126e1f
542a4b6f-0808-4518-ba74-f0a4986a94ce
a005fe04-dd29-465d-aa2e-eff14f5f3934
f901418a-cd88-4ec3-a85c-a06178fcc47d
34116284-46be-4003-a76c-dc4adf9e01d7
ee234d76-32c7-4658-b791-d3716eaa60e0
60728e9f-ec4b-4da3-ae1d-c2744e12eae8
32b7b1e9-d148-4556-af5d-a219c6d3c7fd
06e6a5b2-08f0-4f73-aebf-8d2539fe3820
7c741340-6410-45ed-9cd3-c7acb8eadb70
38c08f5e-4baf-47c4-8922-d1a878d03039
0f064a5d-38b9-44f9-bb9c-bfdb5080474f
81e5c1ab-b6be-46de-a584-bd7495fdb3ff
1da37c9a-6c35-4440-8740-153b9d9da5ec
bce5177f-52c8-41ac-995d-d4dc7e530cf6
f2d3bec1-24f6-44fb-bada-d9c617ce7a55
55b2eb89-e3bb-46e9-9b3f-3a2783a17506
bfa89841-430c-485c-8543-158be8322723
973ca0b6-0afc-45bb-9e57-4cfb9767293e
eb597338-1607-4c2d-84cf-976888f27de4
cf8274eb-39f7-4196-8657-dfb5130840f6
5337ccb4-17a2-4ac5-b590-0609de7a334f
86f7f220-62e4-439c-82c3-e55fdc2bc251
71e3f8f9-de16-401e-b786-f47bfe815e09
2cc8063a-6d36-44b2-8e38-e2e30ea15d40
d0f13d71-4cbf-4435-8bc3-b11fb75dfcb1
ae83e32d-f50f-48e2-ba02-f7bc7488920c
c95fdaf3-6c36-46c1-ad81-435fd60ae6f0
d4fe0101-a6e7-4ad0-825c-3cf2be7edb00
57ce0510-e726-481d-931a-c77ccbd64583
1eb42b69-0b4b-49f4-9064-3649e43d5251
a28e4ca3-5b61-4c29-9673-f95cc7ec50fc
f43114c7-b773-492a-b54f-af86e8e1b241
3e60c96f-0f61-41d1-bd39-133a6aa8e538
99101d38-afda-4239-abe8-13dd8831ff38
d796f877-fb64-4df4-9b24-dab1bc4dc783
aa51de80-9173-4015-a4b7-89f8cce5e1de
ab571ee7-74c3-4803-a2ce-b3f7a2b49395
b0fbc700-d35c-4b7c-bb4e-9e82a0fd792a
118d0b72-2098-416b-b872-2fb3532bd135
3bd0eba4-193b-4a13-9143-4584311f407b
132b7309-6065-4b03-9f00-57b92a5c9ef1
1bdf8677-9ee8-4291-8e83-4c18d051b009
785ebd7e-6ae5-49d6-aaf4-a094f0a8a60a
486abe78-ef54-4de8-ae93-282b6e96d30a
aaa27109-906b-4d4b-a335-5ed3cfe2de2a
55750419-2b40-473e-b912-c577e1678e81
d25574e9-8965-470a-a739-173e969400a2
1832dd39-eaea-4172-a118-ae28657341ee
abc20601-a9f9-4bda-9f2b-a42d2d2cb9b4
0cc8349c-f38a-409e-a0ad-9c8e9c2987c1
baf9cd26-53aa-4bbd-8dd3-4f00ced8b761
0ecff28c-6da4-4b59-aaac-a0cebedeea24
c1729938-761c-463b-994b-156e097557f6
469bd0e4-56bd-4ee9-b97e-670715863d13
361f8590-a36d-46e6-8160-b0f718c41598
de12d5b1-7940-43c8-8863-5982cae748c8
14a467bd-d10f-450d-9fd6-13aaf54cbe80
80c74388-7562-4a97-97f7-d32e17925dc0
e0feecb3-4439-40a9-a178-be65de71edd6
2f5e30ed-be5b-4ad0-938a-f1fd05108c22
02fc87e3-e92b-40f1-9174-91d255fac4c3
a59a8cc6-f86f-4ff8-aa1c-28aad301c121
46f47ede-3407-4ccd-86b7-20314515a2a2
ac683d1b-4bf3-43ce-956b-8059e3eb453c
8fa7109b-f920-4d62-9ce8-b93a99f2a3b2
168a0e8a-09fd-40ab-bd4c-3ea42893d277
ae5869bb-d785-40d7-b217-82732ad422d1
65880ec3-265e-45c3-8067-4c6d3d9cee64
e17b726f-cd58-40b6-a908-48d64ba92f10
00d226dd-e7b3-44c6-bd4b-13a68d1d94a3
cb612618-6ea4-47aa-baf7-992c7ee6f654
68eb319c-7cef-4cf1-a78d-95c1b0c7bb0b
ee454045-a53d-4553-a120-5fc3556e89d0
56b0b4ab-eea0-462c-acbf-584f4e390ceb
645d166f-9b28-4083-8822-665a455b14bb
c11e7cba-7ec7-4877-8f56-47876ac01129
3df27e65-64c0-4be1-9721-9d8a36d7d1b8
ae4bc52d-e4ad-4d89-9462-b856cf2354e6
fefbd1d4-14c2-4cdd-9f39-b9c76e5875af
e28f9ffd-fa9f-422f-868f-12b2eba9b9b2
31fb8204-9f9e-4298-b391-43310d5e7430
e3a6f9e9-ebb0-47c0-8fc5-cec83a48c091
36988e36-a461-460b-b3e9-b2ed4fcdf357
fabbc83d-24c7-481e-b2a3-5979d4308f3e
5daf7734-25b4-4bb8-afbc-a462eed4cb42
811b3c86-7605-463b-b862-0e73f549343a
4ff17aff-ef0d-46d8-a6ea-fa5ba1edef8a
4753c1a4-6b82-477b-82a5-be6a1b0aeda0
63fd87e1-3958-4f05-a67b-c4d586fc66f3
e9bc9d86-6cf5-4a85-9ad4-7a3f0d6d89b6
18956c1d-b0cd-4393-b5b4-658c2af1a085
2e6b4476-dc38-437c-9ab3-7b863d0b2db4
11e1a12b-da9e-426b-a42a-92999b35aff0
f1e40eae-90f4-4470-87ca-ccfef3af1cbb
b963449a-bc6e-4f2d-b4f9-9280124bf80e
a2d18e95-f38b-42cf-b388-6b32422ac684
b0bc9532-8e44-4497-96eb-e8f70b57c8a3
490b1255-c36a-4174-8862-5c848cf34489
c19e05a6-15d0-43f4-9808-2fa9bc897dc2
00d50213-8abb-431c-b195-897e7ad29bad
5a90eb2b-2958-49a2-8473-d5dcd54eba0a
5e3be5fc-9560-4fb7-9d81-8e416cf136b8
40d9b1c9-3aac-43a5-83be-8c4d81d0d68a
94d20da5-1d4c-4fb1-81ba-e71d3ce48492
62d7bed1-5dc2-4606-a47f-6837c2f4786f
48e1d4f1-1de9-4b50-a04e-728d9ffb19dd
a89bc4ea-afb5-419b-8043-8fcf92c4fb36
1465b47c-fa1e-460a-adf1-c607b218a3d7
a9c14cbd-b39a-4c54-90bc-d7c1a03dffe6
5e707b89-8dd7-4440-93ba-26b4bc66ccde
97412481-237a-4487-80d1-95e98c9e098e
c209f9f2-81ff-414b-ba8b-99b95d13c85e
0fbf1b88-0c07-4f3d-acf0-2a9e76c29e6d
4f075160-bde1-4e28-b237-7411cae49d32
c2792d74-3412-412f-9f3e-84d35dc8d15d
b24c3832-f385-4292-b180-fc9710eb8766
74f2805a-3a4a-49bf-8e91-7c0df4393c0f
a46c89e1-c452-4439-9cbe-864cd92bcc3b
66c37fd1-2e41-4f04-8c0d-3a755496d7a7
406520aa-4baf-4ba0-92cb-0a9b162ba904
633131ef-a18b-49e0-8092-2993a5720bfb
5ed5e5b9-82d8-4067-908e-f9ef7698768c
37d4850d-6934-480e-a3b9-e3bc87b7fd89
19432461-237e-4513-a9dd-7cd4897dd2c6
f5a11ed5-e5eb-4c55-80c0-25748689a4a9
28a78fd8-c96a-4ddd-ba1d-38993440a300
0c466993-27ad-4cae-840d-c239cf251453
473b400e-5a69-48dd-b0c7-e86ca62bf23e
79424129-a167-4938-ae6a-e6a0201f4446
77d140ec-7229-48d3-947a-922f19980dd9
40d9b1c9-3aac-43a5-83be-8c4d81d0d68a
732060ba-77c0-4c9b-91a8-abcde2362f88
a38cf455-98d3-4385-a8e6-93dd9018cb5b
0effa83e-e574-45fa-b883-0570b697adc9
821f6325-cf05-48ec-b8fc-42caeb8b202a
486abe78-ef54-4de8-ae93-282b6e96d30a
7b3d116b-ea7c-4c82-9381-d93c3f780b74
2c4c7044-2dd1-498f-9531-8932ab2e78c3
d5923fc9-85f6-4b23-9085-452d709527ec
e848c66b-9c75-4c6e-93c4-4b079150f6a4
4261763f-c72c-4efc-bf35-0e7fea946d74
f75b176b-5985-429a-b9c6-f48e4f4a02a1
f304ff41-c376-4a53-bad4-7218f09e70ca
80501da2-35db-4b60-8d3a-b27419c2c04e
b9d1462a-7fec-4a72-a805-a0f50b5c6e46
8d8a6552-a45d-42d0-94d9-090428182593
0c804bb2-f290-42e5-a154-daaed11ac219
c8625f3d-93ba-4750-b17c-811904c755f0
02f89faf-e4f6-4113-aca7-6d5a3c013f6f
87beef3c-7385-42d5-b2be-69001e3d1020
ee205b2a-d7b8-4433-a2dd-13f79540cab4
f9390105-567e-412b-98a2-19468811e49d
28c99051-9753-4b78-b1ec-02b14d5ae052
be63e87d-e81a-4727-bb18-99bdbb6a1063
969ec1e4-bc6a-4ca0-a8b6-81a936bd20b3
684bb303-7609-4aa9-b71d-a52048bf9ec6
2b487a4a-68af-46fa-b621-8e745187e692
60188482-97c5-469e-ba52-5e7dc8c08638
071ed2d2-1f53-4d0c-8baa-b758548f591f
1f219c83-f45f-405c-8b60-05a353d0abef
b1430402-357a-470a-bfea-0614b6a7e3df
f974743f-1bbf-401a-acc3-c42345ebf228
22531d71-8c21-439f-b7ba-4bb6d586db60
f3a399ad-5d1a-4d06-b43d-80f1d06cdfb3
7a76ec72-c718-4641-ad75-6ba1af24d492
2baf4010-021d-44c4-8697-217878e5e252
9d850af9-2166-4797-b84e-c68a8d6ae6f9
845e3c35-5c23-4778-a821-c80e2c6bb443
12d1d7c8-d588-4aac-9e9a-9350b29a88ab
d110dc5a-c535-4574-a568-d56cb21ea74b
295f660a-878b-4caf-a0f6-9980254de0ef
95879095-cfdc-4943-9f82-7bdf9b227bba
4bbabe6e-6f5a-4599-8329-1c96baddd104
af04145b-f0b2-4cc0-ab8b-a1617cb1aaa9
f17eef76-cf21-4b0f-ab24-f99bf7da5889
92246ccc-9b1f-46d2-81b9-e181197a626c
74b0b996-df98-4ea8-8b8a-4dc3903751c7
0866a543-21ed-4ecf-b224-c3a51560754b
b69f8d5f-a607-4648-b140-9da0743b9770
6622b0c5-1e74-40fa-add9-2507d30e1ba7
b8e8a5c2-d2f7-4913-8758-966846215c27
ce31246d-9c7f-42c2-a000-3025f52c0baa
836e8df7-2f43-4724-a671-d6b98e49d7fa
6998811f-4580-4a56-98b4-00922a3f2b58
68365a70-c8b0-4072-a7b8-9af598c6d1ba
399c3931-b3bb-4c87-858f-2df1b90a0a83
5f27406f-9c10-4088-9657-da2391c0e0c8
aed3efa5-318e-4920-9f3f-5a32554709f9
1e544ebe-a5b2-4ef4-9438-b26779b04126
68cb40df-c3a8-4ed0-911c-290c34ebe7ec
0710a0cf-8814-48d8-a55e-0777a756d01e
6dffc652-2b74-414d-b736-83cb855c91d5
d4f8235d-9c71-4ad9-9a4e-f7ebbce3a1c5
1001ca17-7e0e-4741-929d-c71c9219e5f2
409f3d54-e90f-4c60-a2ae-d5cb07599511
faae87bb-4be6-4f9c-a0fc-20c1edb93bf7
5e41f83e-6115-4037-bcd6-2c74d0002d54
aef1c7c1-541a-4026-8347-399486c2630e
358429d1-6aa3-484e-9f15-f11bed6bdb12
03262b57-25eb-41ad-89fc-54df30489ac7
75ee1d06-d349-40a9-a202-8ab50db64703
d6ce3e8b-41cf-4e5d-812d-de616cb93d55
1fa34cb0-296d-4e73-a582-75ab6854b87d
4604fe7d-b5c4-453d-a063-c64297233526
2aead557-eadd-429c-ba9b-41994459479c
fd678f39-ec42-43e3-baeb-1626e063724c
be148e84-acb0-4829-8f1b-b74880b97bf6
37e0ef0f-f5e8-41b5-acab-c116b3fdd668
21a4bfdc-73dc-4c2b-8293-036118f9f525
cd4fa590-0003-4b87-81fc-4433709d5020
3a277452-0b25-4397-8935-c036a2745634
a2b23a0c-04fb-41ff-abf9-3e74f064c78b
fadb6304-4321-4833-a8ce-9d26588067be
8f949771-e640-4f02-ad38-78d2b44164af
b0d17cfd-14e4-4475-b7a8-92e21b68067b
6d43b5ce-6a25-4e70-b867-9f1f4f777c17
915a3507-d64f-43ed-a103-05b2dcd5bb62
564ce3cc-6590-43f3-96b4-eab2d13a6280
bdb79199-3c04-4834-9ce7-f456f5e13e01
881a456a-5447-4e64-80b7-359bcbc1c4c5
2bb64054-73eb-4d2c-957f-29d3a071dfa5
79ba720a-1480-407d-ab12-dce643e3c0b5
105d578f-9b4c-4e26-a3d2-6f6293d4c794
0dc3e72f-ee34-44a2-a2ea-665355cd1e93
fb1d6f40-8350-4e61-b3ae-f838b5dff967
89ace31a-1324-4919-a09f-e943174ec8e4
3c255a45-8fcb-4cd1-9c47-95db69967047
55b89062-570d-4bac-8e69-e7963531af6f
d455512d-a5af-4673-857a-854a4d4dc41f
676dad1d-4db3-45d1-bf26-f6fd040ba780
9d63c840-12a6-4d14-a521-9927e80dc6a9
29e6f737-fca8-408a-b06f-2758fb66095f
65f93596-d6c0-4b28-a341-fd74c4386090
ec54cdb9-17e0-4ba7-8700-5893c23e6fdb
70acb153-8901-4fe3-bc3d-8179b5814700
55833457-b85b-4646-885a-ddfd80495cdf
1a813cf2-6374-448b-a0b0-8173867a8947
6fe33920-f1a8-4fbf-8c5d-5b215c8b92da
9199baaa-d87a-48ad-99d2-005bdcf0ad16
c64e77f0-c3d2-4b1e-8080-52716a0c5923
8ebad0ff-e6ed-4085-81d9-d602356326a6
a0fbb62f-b3e3-4966-8c4e-39b3654f0740
174b9f23-6a01-444f-aaf9-e288bb73e94c
9931570d-de41-4d83-95d7-9027c756fa22
fdbfee3e-5920-4de2-8dbc-f8c1e62a2118
1176e57a-a393-400a-8b77-4b48537abb8e
ce927cb1-7b40-439a-8958-deccb573ec64
e86af63c-9d84-4a04-a8cb-f86793917a98
dbc88972-ba4a-4875-8759-3d1ae9061bdf
dd42c16b-4b0f-45be-900c-a88af21b5175
a9fd1cc2-46b3-40fe-9938-7dc8609261f3
cf1b424b-3c49-4bd9-a0e0-d2d820ac97c1
1b8cdc9b-daa5-41c8-8fe3-cfb7c6c525f8
e35f275c-a572-4818-81e1-66a12a8940e8
1f027485-2705-4f9a-81bf-a2e3db4dfe92
81159c22-3556-4b94-8b7b-6a1c5a9b47cf
5f1ba4e9-8bd6-412a-88d3-fe31d1ee1ad7
d9cbf78f-ea34-468f-b9cb-e803e793b6b6
8ba227af-ee64-467f-aae3-7b6e4e88d5d8
93f7086a-04ac-4a99-bc1b-634cd326471d
03474b9a-bf0b-4e8f-96ba-ef90fe5a2d10
8656068d-ec80-4986-b570-99946f18ca7d
900bcc8b-91f9-4d28-8f63-31f3bc288395
f7d0e6d5-8048-4c6d-85e4-002fb86585d9
64b9cc39-fbe6-43b7-bce1-042e544a6814
a3c207fb-d473-4113-a9b3-4813886b49be
e6ce9359-7cc7-4508-9516-4cc9650938da
f43033ab-aa25-40e2-9ed4-fddb5801f46e
5ef4c457-2d4e-4699-a83e-d6ce2a3960aa
5ce17d6a-0b7e-445c-9fe9-2b113bae3fb5
31b0dbaf-ca1e-45f5-bc25-b2280ec92147
94444b39-c681-4f35-999c-3e0415e40978
5ba56fe0-51dc-4ea6-8c38-30e052edb48b
787d7580-11aa-4dd4-a354-23360a6a6595
3e2733e0-ef38-4828-8adb-056cf59b9a54
64a23e7d-54a4-4f2b-9785-4983b77fa4f6
94494ddf-0023-44ea-9e86-319996750c33
0c79e225-1541-4f11-bbdb-d139434ee28c
2a225f9a-fdad-4426-8b18-67e2dafc2e35
08db7473-5a66-43fb-aaea-35fba0dee326
c20fc197-318d-45df-aaa1-0d0b6209f646
7c297f0d-5b9c-4474-addc-3f4d7b4c3ae1
910b1657-30b3-4a4e-8a56-7c44a895345f
56cb502a-7a48-4f83-93b7-0b2b6c9da06e
bfc42a35-29a9-4246-91f8-1a34af381aba
0bd477c9-599e-4346-b8e1-92e4571202df
e412062f-3a8b-4575-b5aa-535eb0105529
321bc697-e190-4beb-b4e8-acbc2aa11b30
143fed34-08a8-4267-8a84-e319adc3c71e
2b89d8cc-226b-46f3-af2a-42e6da287e74
0d1f0d01-2ce5-4a0e-809c-aaeee062baed
37f6c1f4-185c-40c9-ab24-e24c3fa65806
48a653bb-7f5d-4219-b3ef-e8f90644834e
5963e607-7552-4c00-b328-a06e0e17c467
21fb554c-052c-4c95-bb7b-1cf86dcdef58
834b9a5b-686b-42dc-a6b0-88d121439d69
3ae22b81-efb3-482a-a308-2a05ccba722d
8108caed-f094-4fa0-8d54-f81dcf6b04e2
abce35f3-4737-436c-8421-afd7ef2fc2da
79217a92-1e45-484c-94cf-1a7766ed5f3e
3f76495e-ce03-4aee-ab92-1f9389bcaa5e
6b64b914-7515-4fbe-8abb-5449533d76dd
d82d4efe-b39c-49be-bc5c-4d6cd7cf600a
3cd63755-507a-4c0d-b5dc-d6a3e2ce644e
24d851ce-05eb-49ee-89f5-c57eba6089a4
a4dc0222-3127-48f0-8b7f-226013aa5077
e12af336-9621-4172-b68c-9aec228ace23
630c34fa-1865-4e1e-bcc8-d77a7556b2f2
3c9243b7-e8bc-4553-8ddd-b4a526998ce8
7aecfb52-7ecf-4163-b3c1-6225771dbe9c
7e18d830-d629-4130-8219-1cc32b50db4e
399aef55-9994-4a74-af1b-1c6b81aa45ce
2e2b6429-e46f-4be3-a03e-dbb877b85f36
f30cf689-4c59-464a-84e2-e0281540abb7
e5584518-4cbc-460d-a530-80ef9a6acc5c
4ebea36d-5e34-48a2-971b-c29cfd2b4c82
8137839f-fdbe-4ff2-a00b-a53d8c782c89
849c6197-279a-44c9-a872-b7ceb48775f0
aa6bcd99-cacf-4301-b042-1f17d278003f
6ed30053-6168-4fec-9dd2-a0f9063c65ef
256ad8cf-37b6-4b20-ba4e-22b650d6093d
79f560d7-4955-4bca-9b24-eaddc767e0fb
5748301e-3e15-4639-b46c-4b177ed22f99
bf9c9be5-a163-44e7-abbc-323ace64b092
52e5307c-fb5f-458c-8048-97383e056878
93fbdb0d-a6f4-42bf-89b3-d73f7910bd5f
2415b0f7-9821-485f-b8d5-d588013daa00
94d7180e-31da-471f-be1f-3d61425db2cf
60b3fbdc-d4b2-46c1-b8bf-5de2b46183dc
752ebad6-5eb1-4505-9f1e-f94b96f1aaf3
9f50ed58-8ffa-4b44-a1a8-4d2998b9488d
a8056274-4775-49ca-b348-c153e4ebb68c
4ae78dc9-3fd5-4099-8b14-744f9df8be29
1ecf4705-dbf7-4adf-896d-139cb9ba381f
7914dbb2-4219-4945-ae51-90ce64f4aec9
45def5af-40ec-4787-83fa-ec463ecd3fa5
d2d628bb-4593-49cf-bc10-42bccd30dd26
e2aed37d-1e7c-4423-904f-1fd29824d753
699c0437-3666-4656-a621-46cb899639aa
93bfb2ba-010c-4f81-b89c-281db526a673
cfda2a06-6452-48c5-bdbb-132bdca4044a
98431b8c-c471-45fb-a6e4-3429dc4a7f81
2c77f53c-3fed-4fb5-9f0c-93c99396f91c
ea3f8ee5-879c-4874-9f4f-d651f3d2f3d8
602e6d63-bcb4-41cf-948e-cd92e5327476
a293d968-28bb-4f05-a4b2-103782d0ed02
99101d38-afda-4239-abe8-13dd8831ff38
908714dd-5160-47b7-8483-569681a55934
e89cec2c-af56-4cde-9ceb-bf2058ecfb23
9f55b10a-ce08-45da-9792-b15fa6bd8b53
6470d6bd-b991-4cb1-bc53-91a4a257209f
59639e67-7f0c-4ecf-b030-b61ca853b51f
80eae238-d333-412c-bef9-5904411ef50a
f66ed311-7906-4242-b3d1-068705559904
55bc3cad-6ac0-4fdf-a6c9-5f17522a5b7e
cdb551b3-5c4d-4ace-8c73-2420d7390b0a
d0132114-c570-4924-9490-c699778a7304
096d3818-91e4-4588-8300-1b667389d608
d4a9cacf-a1fd-45ed-a3a5-f216fe29aca0
91d94a3d-db64-4026-bc15-c153bab63877
22a296f0-15f3-40a5-9a3c-946eb8087e39
07b56b9b-afec-415d-af9d-d49f60305bd3
af992bcd-d47d-4982-b880-4d00a941c917
92b06a3d-c36b-4410-b734-37d283cce773
6314fdc0-83ef-4573-b8a1-d44493b704af
8f47828b-10c8-4cd5-9df9-d489047f5564
a02fe655-4ede-4b4b-85f6-d0691b953cee
61713f12-398b-4e86-866c-417f23d15e16
ce66d8f2-195b-46c7-9ca0-aab022a0a279
31311437-c4cc-415f-8188-d6dba099ffd2
846e8197-1543-40c5-b822-cfa26320abe3
840e0857-41a0-4c28-9b82-3c4f59e9cf56
5b4d3ae0-6b02-4a7a-8bfa-37f643fcf43c
08b00c78-aae8-4038-a608-56667c4b40a6
663bb301-978b-4511-a60a-ac626b91f2e9
cf8568ab-de2c-4d39-ba67-45ed8cbe699a
918e1dd2-bb27-43c4-b6ea-0109fdd500a8
457069b7-5ebf-46a6-bafa-5d3c253b2ba7
5a4c502f-7ac0-4649-b1f8-57c13a70521b
d2c32501-35b7-46b5-a469-551ff3e03e58
e171d5de-32db-447c-bdcf-f713d71a62f1
c7eaa260-ec31-4b29-8cd3-39ebbb9b890a
0d724cd2-88f9-489a-89c1-9c0b988f3715
b69d3f86-746e-4fc0-8771-037261bb4cd8
61c572c0-d47f-4a92-a0c0-4edebb12c63b
9ecc1d52-3d24-4a72-865f-ff50bae6f485
8c90376d-8412-40b0-aa31-36811edd7f7c
4cabaca7-c096-4a4b-b525-c805798ac968
d345acd7-3730-4fe0-8319-6afd84418397
f52cc38a-ef4b-4957-bc1b-915602877740
e5b37027-b987-4e59-96fe-095afaf02185
9a38fa16-7d1f-457b-9386-a7066e9a2357
18b5fa3e-8dfa-4263-b02e-0685eb4917b2
9b746259-b851-42dc-8bd6-a3ededf5af09
af280c9d-13fe-435a-99b8-ef288afb122f
2e165d08-f00f-41c3-918e-ff13dc85bb32
478aa7f8-fec4-47f8-b01e-9e6a82df5b68
6751753f-046e-4605-9a76-a7870222dcfd
d2f6ef41-e741-4c04-b85d-0ba66db4e97a
2e0ed8c1-4880-4bfb-92d1-e33c6337349b
dfec7491-59b1-487a-99bc-1834e9d7b143
6faa9736-80b9-451c-9785-aba1d93a5f21
c51982ab-fbe0-4551-9f3e-4108c1cc0685
724466cf-d767-4b95-a822-dafc89fea34e
df970597-42f9-4428-b44a-9f31cd65c116
352df720-a1d8-4468-90eb-84b535ad2506
682d7792-e1ab-4b10-98a2-82de81a9fe0e
ab52b455-e4fa-47dd-b437-45d0a77a54af
0d0bedf6-a181-482a-bcad-c8dcff5c54b7
91036442-82e7-4ae2-ad7d-e6522b37912f
a7c377f3-a1e1-420d-80df-899c778c3963
661995ce-7639-4670-8f5f-ab4529c56b59
4cf7468c-984a-4e37-8864-0cf7cbffb4e1
8e608424-65d1-4671-bb9f-e59ff9fd6bd4
d6c1ef38-1228-4e72-ab6f-f400a4387620
2c4dea11-d58e-438b-94c1-3206a98f0d4a
a51973f4-aee6-4482-852b-d5e852ac3f26
ecd93d7d-35a1-4fa9-8d56-0b53a626b3b4
5fb6a796-4d54-49cd-91d4-147de9e4837e
ea7be14a-a286-48fa-9287-8d58626bee23
de00e2b8-4cd9-4b93-8683-1ba69cb13dd1
8e08a503-276b-479c-aa56-57ae4e2eb84a
12d73ebf-3dbe-42a9-98dc-7615d1910f5e
ef779005-e292-4037-8bbb-3a9578897f17
3033c8fd-9a3a-491a-8bfc-36aa6b937daf
4f901da1-a8f7-4971-afca-ee1184a7ac3c
34ba6cdd-3dcc-4180-98dc-73da6b7791eb
29c45300-f8ef-4b4a-9aa6-b3286689258a
45327b4f-5139-4bf9-a5ad-857c6605a3fc
4d26b312-b2c7-40aa-a1c1-282f77a40301
626151a9-61f2-428c-a6a5-9ce76c5958e6
c9feb127-35fb-45b9-a449-06dfd7638fff
2cb46a03-3ae6-4a91-b95e-0751bbddfb2e
5b2138f3-4b1f-442a-b429-a1b9b8418e04
5bf2e741-bae2-499e-a00a-74d6875c299a
58f5410a-1d86-4f79-b781-37596ce3762e
6befc259-99c1-4904-8f65-594c45b713b6
7efcf04d-6466-4412-b5b0-bcc0fd6a6913
57892433-1d31-48d7-90fe-811b063b0ccd
93839824-a132-4887-8715-de9680df61a5
e5739a68-e3a2-4475-8d11-8af86191469c
4fab7b04-4444-4c1c-a8f5-aa72b401f014
90e9b48a-4f96-435b-b783-f145bf308745
82363999-65b9-4c68-b4a9-05f1ed32af26
b39048d8-ec64-4e72-bdfc-51dc561298a9
3d7cdcbe-2e86-40c6-8c8f-b992555d4849
a2eccde2-fcd3-4479-8d4a-0995b0b698c7
9ed06d01-f410-4df8-873a-cfc317d356bf
a807b53d-332c-49d6-86e8-58327bb0a6fe
1e416363-eb76-4ba1-8209-2b34a9021f96
3caff9e8-ed2f-4aa5-879e-3438caff6ccc
3a99410e-f448-4448-bd4c-7453033c1d08
da54fdc4-6eb3-4729-a3cd-a9ae58de95a9
d0f99c23-a52d-4b08-8331-f50a1f1a9d06
7193abca-1b36-474f-8b92-a9f20a883964
b07d8231-5cd7-4655-be4c-52f186889fff
51ca82e3-05f7-46d8-baaf-cd847de57bc4
abaf5bc2-b869-4dfd-b592-10f665198e23
68366f8c-6f07-4583-8e0b-f419d891cf9b
afdd9c8e-6f2e-472b-bc92-730ad6a7c427
510d9860-ba49-492d-917f-c6fdbc26fce8
d1fd1364-902c-4117-b09d-9b3d6df8b3af
1ba4265b-de59-49d8-83e6-fd53f8e2e971
f8eb0f6e-23af-49dd-afa3-55bd8edf617e
d76838e7-9d1c-43eb-a3ab-35245ec0f623
c899852f-e039-4a34-b236-71ae50246ead
94646d18-c955-4f59-8577-7fd2d622be30
aaf70b76-16a1-46d8-83cc-db7b2da5c5d0
a3f97dd1-2651-4377-a789-8b413a4e0011
da25a02b-c5ae-4c45-bac0-75c6cf5383d7
b156778e-d577-4aa0-85b1-735406d1b047
bb73956a-075c-4018-92bd-4c40c59360e8
04b4c9dc-2604-41e6-b8b7-e64b8b784e07
55beda3c-04f3-48ad-9b6b-5170d4df6dd8
2a32ca1c-6dd0-43b6-a1e5-4adfc6761516
204bd21e-9c1c-490d-8560-d3970538424a
4bd979b8-1fd1-4c13-a30b-8a72ca6f676e
3e360197-84bf-4931-8246-aa6102fc3de4
ad305101-fd3d-409d-bd86-fead6562d4a2
943b54ba-6bdd-4971-afd7-6cbebd3d42ee
95bec1e6-ccc4-4b74-ad54-116f5a2da5dc
93511327-593c-4b6e-a23d-2762a3c384fa
cf4dcf33-4dcb-4890-80de-662fac1751c0
bd53c877-57b6-4612-8dc0-c2fb8e13433d
94fc682a-f808-4267-a668-ee6f8d9168fe
b06257aa-6314-4790-9df5-7e5a441668db
f97ac0dc-945b-48e5-b28e-c8da3b2babe8
8420c2b2-2845-44b7-bf98-0803fbfc9e4c
a2ed2e4b-bf7d-43e7-bdc5-4ecfe8fc5688
74453fb6-a5e7-4f9e-acb7-6d241c6a2cd5
3a51e9d8-9703-447c-9954-2d3d5d00115c
54985f97-afbf-4475-a778-470d2b2b2e4a
5f09285a-81ca-4930-9db9-43740d7b5650
f6e0e4e1-47d4-4df8-ae4f-e2dbffde8b9f
838e78c5-fd9d-4569-8d13-8a3f718f6d2a
dc6a93c6-026c-44a2-a6ab-bb0d4949d289
c997f447-161c-4bab-bd02-ddc84e799a05
3951fb27-cbfc-42d6-bfe6-60fc33c6f0b4
355e98bc-8e9f-4999-9866-57586ccafb11
62a9074f-183b-4a1e-9e01-b475afc835a6
26bb3980-b4c3-4324-a923-ad14859ee15c
96e78704-442c-429c-9b22-5543699a3c77
326fe629-2dc5-43a0-95b6-2739e6583c68
7f638002-16c9-40b2-a68f-a164b023e4ab
ca8aa134-e0a7-41dd-80a6-dac0d7d3c7c6
e047c088-5bd3-4fca-a6cf-0f65e58d1157
2a757aab-09b1-441b-ad8c-0d631fe37590
4ba761d9-af3b-413c-8454-cfd583d43ffe
dc7f8e15-e3ca-408f-8ee8-a2ca0572d4c5
a403d0c2-f587-4a5e-a343-0157a7c862d8
66f12df7-319d-4868-a9db-079300afdcfb
89b51256-ff79-4168-9a3f-6c8e7cd37b42
58b41347-604b-4291-b353-05068eb6f66f
5da319a7-ede1-44e0-b52c-d52a9b8c99ed
c83c4d02-8bd9-4cf4-8ab5-fc081e07f264
c4446e3f-11c4-464a-a0ea-5c2b4b4930ef
86c2975e-b19a-452d-9535-9fe4ffadc64f
5de7f077-17a5-42f5-bf97-6e68da96cdee
4d9f5099-4b71-4de6-ae4d-84addf36023b
987f8b68-5d10-4f35-bec8-4573ac98423c
a92346e8-8a12-46da-b7cd-fdac960a11bc
9a3603f6-3f7d-4ead-a15c-ba887519aaa4
f7ae8f2e-f7a8-4d1d-a12b-9a86521cfe3a
d5e3c386-0dee-4fe9-8d0f-d0f431de0838
3b2dba6d-0e2c-41d8-8a3c-20d76848b46f
559e7994-a74d-4200-9e42-e59e85e439af
f163fce6-a2b6-4524-94a5-25307ebbc066
bf48481a-9b62-42c5-a7c5-a42516577a36
dc2d4803-f24f-4cb3-a048-85405e7f996b
9fd886ea-9b0f-4295-988d-cd1da9744ab0
6b127c80-bad9-40ef-bd56-d2768e1874fd
c8c27259-ad6a-4649-ba61-4a52cab8606c
564498fa-f4ad-4be3-b46c-1fb42aa2c5a1
c95fdaf3-6c36-46c1-ad81-435fd60ae6f0
971235cd-a13b-416c-80c7-e2b8db4373a3
f2320fb6-a822-4092-9fd8-2222921c69f6
2d7846e7-4cc6-4c74-a6d2-40c50e8664e4
90e7d214-d233-45ee-b0c2-42eb2055de9d
3cc903c0-763a-4a9a-8c5b-cc36eb9961c7
d806752a-50c8-489a-8bd4-973a1525bad3
0fd1d50f-4614-4958-bac3-57d1ee050af3
67adaf7e-269c-47a3-a443-a73b3d63e2ff
0313f157-1cea-45c4-a5d8-4cf5111f7821
fa692164-be89-4941-9184-217be8a2d0eb
d0f4bf2e-f7b9-4663-83fb-126379eef028
49df56ba-dcf9-4bbe-b443-2dbf5c2f949b
3750d11e-4767-4dcf-9f84-f4054cdf0331
df71416e-38a4-4d64-8258-05edb8dc9769
ac481e54-9f98-4115-91fd-3653537d8645
39846291-2e88-49dd-b473-f0548a96b54a
56f2b91a-b9d6-499e-ab81-9a67d021ebcf
5b453b43-b7db-4bbb-964f-0b0cc4c4404d
3eed5bf0-b078-489a-a5d8-385d3d922e41
15354607-b1ad-458a-8b31-2579492f9680
8dbcdee3-d810-480f-a8ff-9b7dafed75ec
7ce9ea05-7594-40b7-906a-ce5c21c5ffb0
d1278f8e-7b05-4d03-aaa5-26a811eb7357
64f636aa-ef4c-466b-8ac7-38a0af0c995b
a08b45bf-e864-4908-ba67-b2ab972db708
5f8a025d-7cee-4aa2-96fe-7065b69bc9ce
ed41b2ec-6e0d-4d80-aeb4-9c1e3b98f7a2
36a7c3e9-2096-4fe2-b924-c5e0411aa9bb
00f9851a-de8f-43bb-8a5e-b90df58241c9
8a3a0b95-ea82-4d19-90b5-d5424ce1f00f
c75907ed-da00-4fd5-a212-3234f02055ec
d1af4e57-e751-4b91-aa21-7908ec82769b
a41c895b-4798-4c32-91f0-752022ffb99e
808e1d7e-0601-499c-99bb-517f2c6f4ab3
7b9ae789-cd69-423b-822e-007083062214
d472d02d-8b9f-419b-991b-7cad0638552c
0fe72d9f-f22c-44f8-a3da-756235610cc5
27b4f587-a46f-4b7a-bf27-7dd8d8d51810
1e7edbed-7b07-40ed-8eee-ee503f52216e
19351859-786a-4bd7-a3ee-68596ffcfb60
6a4fbe7e-fea0-4b28-afe8-12f34bfd6207
112e0c77-336f-4d42-ac7f-0f4658dd76fa
d23deb44-e585-4eaa-a901-f0bad011464c
faa6b070-286a-44fc-b1ee-c7861f2157c8
03fd9b6f-7e21-4412-a985-2b6ca632b2c0
ea936c88-d588-4ded-9436-b0ff274c21bd
9e82581f-3928-4874-afd1-bb4ebc3b325c
5824e2d1-6115-4f1c-a8b2-e78ac742a3e4
abc20601-a9f9-4bda-9f2b-a42d2d2cb9b4
41b391a8-7965-430c-a213-87d58564fc96
b7b3bdb9-8a14-4393-ae12-7b89ff128015
07f043b1-4381-4ee7-a6fc-d3bedba538b6
0acfdacc-aa3a-4f5d-92bf-e81b13623e0f
d2dbb9bd-bcb5-4118-95b7-68a81faf208f
4a1372f3-dbf1-4c7e-b4de-551203b19755
db294688-1952-4e06-9cc3-5d4717ab6cb3
8fdcc248-5d5c-4bbc-aad3-e95dedb9584e
a37b81dd-9ae2-44f4-a260-d7a88e3df6fd
4e15eb70-40eb-4f2f-a480-7c1cdcacce0e
cad9bcde-19d1-4d07-9235-30b8c6036ff5
4c1ebaf4-133c-4e5a-940a-b28777baf499
802a68ed-0a1f-4c76-8611-ef16754362eb
e5f3377d-7887-403b-97fa-8a1d7c5d90a9
bf0b2772-bf00-46ff-b080-a46ddd4dbc80
c1f26e11-ffe6-4fbb-9fcd-af8192497f0c
a552aef2-88da-4f56-a34d-69ac660b0701
eb74cd10-10d0-4179-ab1a-d777c940dbaf
454b311b-31ce-40fe-a923-b6213bf4a49d
916027c7-6134-4b5d-b0f2-66f1b8b45fb9
058cd47c-d29a-47a1-8bf9-1bc0c37dc400
da964517-08ce-4372-ad32-ec013e987de3
bdf1f4a3-20c4-43a4-8b62-f392c68187d7
17e1b002-9e93-4b64-a019-4c09c753e106
6517b687-8394-49b8-a671-91d188b3f44e
cad06e59-2594-4775-b270-040091afc995
d3ece576-3412-4386-bae2-fa3b84969618
1e9094ae-d749-42ec-9510-b2c4f60436d9
b95bd825-d70a-467f-adcb-b4dead997e9c
af4b7bca-cd21-4c5f-a3a4-1a4718cecce3
e583a551-6870-438a-a114-fc656107f112
c95fdaf3-6c36-46c1-ad81-435fd60ae6f0
a0fdf69c-14f9-476f-8e74-ae64cbe68027
7db1aa76-4bb4-464a-ad21-d96e41b83a9a
6acda725-6fd6-4ce7-8471-d2a9597b1cab
7276d5de-e428-45a1-98aa-abdf59438903
3b3a3952-b0a0-435c-a9d8-73d31bbd0fdd
0e203217-cbe1-4a80-a2a9-97027779d4c5
9710ce31-248b-4e5f-953b-6f795eee5ef9
f866b4bb-69ae-4936-9605-467555077375
ef144c82-7703-41ff-b848-bcfc51ceb0a2
5c1397cf-fc0a-42c9-9bf9-64d1b2319871
f450aff9-b9b6-446f-827e-882a08a7829f
5751c779-e901-4f67-8f90-066e021a7bdb
6faa4436-9e58-41df-8e6f-fb0ede705832
91c6fc88-1677-436f-b40e-d1150b5568a6
c2734c73-aa83-4387-ab8e-1d4f288162c0
ef15a808-e3d1-481b-97a6-2f89ab414141
c8b88132-4070-4eb8-8725-642e5b6a7da2
9b9405fc-7eca-4c6d-ba61-4fa433696594
f14caddd-b8f4-4a83-b8f5-c03c791486fe
5f0462cd-df1d-4731-8312-49e7a65e262a
f7ab3168-7994-4600-8e16-18e57af85f70
84a7d021-48e7-4848-bf4f-c4eacd8b941d
d19fefa0-09ac-468e-8623-244e4ece61a4
6585722f-9611-4d6f-a220-453b5adf7873
8b55dd21-4af4-4ca4-af7e-64c526100923
617a5eac-025e-4d95-be37-5891add41d86
dd4ffe08-552d-49f1-ba41-d69fe7589995
f9f8c3b8-b8f8-460c-91a3-4146e8ba9ad4
bc708d95-bd33-46d1-8026-275b7d4ae513
a0148612-eb97-40da-9f26-478f1a513b7d
670dbd0a-bf46-4a62-b095-6a6453a77811
f775d4ca-846e-4f33-8b02-e2ae14f193c9
3593ef40-71c0-4a4a-be84-34faca2ed01b
8d9ca6a0-0e35-4fed-8ba5-2daf90ce2b26
ccc331c2-fc50-43b4-83b7-d840479b21ea
3f4f3da7-3a86-4a1c-b4e8-48de0c3a02ef
a7feb06c-3ae9-4a81-a684-d1a5723a7685
181c444e-8cbf-42ab-b68d-fea1efe4abe5
f4a6f820-e6ee-4603-9020-8c39ddc703e3
d7f56f50-0653-4ce8-863f-295fbda2718f
951ea9e8-a1cd-4373-bd7a-46fab438d1b8
3aa443ba-e2eb-4c08-ab2c-6ccb3e669a8c
c74d0a78-09c6-4a60-8dd7-ad92afe50c9b
8289d2db-7214-4312-823d-81cad7aa18b3
d05a4eeb-673b-4e3c-ab75-ea6e35db7908
aa0499da-e064-4c6a-b446-3deb72a9abf9
671e97d8-7272-4c4a-a28e-aefaee334217
8f665c5a-3cff-4d86-b58c-54081f0bdeee
d4c92295-2df1-40d7-ab9c-638bbe054f8d
138f5115-2011-4a7f-8586-7661a2a37bd4
98662a8b-caa3-40e5-8a6a-ba174f4883c8
051d305c-378f-4e2d-a135-98423e246f5e
7ad8b710-1df7-44e3-9b5f-1827752ad4c8
7a28b1d2-45b2-4e07-b945-b128124bf963
0714a00e-4947-4983-9fbb-7fd2cc99dcb5
665929f4-aa0a-4ca9-bfa0-d2b52a6d0311
eb799ea5-2902-4975-914f-cc8374a89ea0
c18545ed-baa0-4540-952e-3ef237449396
9ce216b8-d99a-454b-86c8-29af93a6af8d
0ef4f658-86bd-4853-8794-2a7b54bd541d
02dcd5c3-8d59-41a2-b816-49b95efef63f
f5f01f1d-17b5-4baf-9653-8c1e820d60eb
0386aa35-e1e9-480c-b308-f6095ff3856a
54b09464-f97e-41da-8d56-40382cef5bc9
1f487730-e063-4131-b1a4-e2203de28f1f
00ae8372-191a-4853-95eb-6efabcb9f393
15e41554-93a8-4b78-acaa-1814cc70f9f6
dba2b85e-587a-4a06-8abb-a00e40e4d0b0
4b83f877-cb91-454e-8e8b-12547e9f6f94
a3985825-ffe1-4950-a9e0-7e16aeba9bea
9c765de3-0957-4cb8-9423-f2757c74cb98
0d504afc-081b-4bcc-8365-1c967dc0433a
8d2294d8-a206-42d4-b41f-3f3dd7899ea4
f0771717-bce4-4cae-93e2-617cd3519155
89dbfee7-83ad-4575-a0c6-f2bc0f5d42ab
5d812a54-f5ea-4c0f-961f-6a7c916ab5ad
da51abeb-df29-4a54-a0d4-5b7806a9da33
a4958e52-1d5d-491c-8a13-7923a94f500f
71dc2c88-c99b-4a2f-b39f-6906ea567ce8
a41f9232-d6a3-42f1-9875-7ffc82a55fc9
0b744967-b590-4870-a4ed-ae706e788f6c
1c3a1d4e-6386-4fe1-8f9e-f03fc6a837d2
e06491ad-6a9f-4226-9bc8-0ff25230fd7d
93024c01-ad0d-48f9-bafb-61e3d4710200
b98c5c6b-6873-46e4-b73b-13c9fe3ca209
993d4173-23ed-4119-9f03-694a2632e34f
4cdde99d-9dbe-4d8a-97d6-c806eb54f7c7
ce80d2e0-f737-4095-b3ec-15bd0ea80fd7
f10f1bf3-ddfa-4fbf-9abf-4abc61799b7d
a995a977-b8e0-4cc4-87da-a8ab5be51532
1e01871b-e0e8-47a0-b4f6-29b4adcf277b
91a096fa-14ad-4e02-b093-350ec657d528
4f76b2b1-2cda-4b1e-b546-f753a3578154
7838cf5b-c53f-42d6-8a6e-5fdc012e80f4
94bb6050-4e2f-496a-8d06-29c6b4db9b17
c5730226-4bdd-4731-9df6-bd27461603d4
f71919ed-f443-4586-8aa0-e8686d7f2a8f
fc942130-fa81-4be8-9ab0-6e5be3dab38a
65ebab2a-5148-4058-8d01-49de2e978ed7
d6e7402e-4edc-4771-9bf5-1a63cfdd3495
85f142db-7af0-4c7e-99c2-20041d195b44
c5a67569-f85f-4293-adcf-3169c41a5e99
6ef56f74-7d0e-4aba-a41e-52c460917f62
e0b9dc0e-0fbb-43fb-bb78-5b93e5bd15a0
bae06bfa-2476-4461-96e3-70b783cc0433
39ce32dc-6d25-4ad0-9b62-46ca9b52467b
bc67d2b7-67a8-4279-b4fd-4f1edbd4f8a5
fc1e1673-a1d1-42c2-8170-0c54c31341a6
0cbe6d39-12ac-4bbe-abf1-0a1d65ed9d6b
43a7d682-0175-47b5-8a7e-ebf0555b0f52
907a12f6-a1a7-41bd-aa37-fb6943973d37
0dc59b6d-4fcb-43ef-88aa-96f1b95bd1ff
fae90abf-9786-4c81-82e2-15045fcc541b
23deffb2-2b1a-4600-8007-174c9652146e
99ad1744-c6b9-48ca-8460-3f0ca985a27f
c65246b0-4179-4bc9-b5ab-daf17ed58649
6fddc96e-2b81-468e-815e-652828333673
f65c49b9-b56b-40c7-b9d4-838bee066135
04b643c2-eec3-4978-aa38-2f9972e08897
a52786da-dcc1-4d97-abff-879c933f07da
48c2a10f-da19-41de-919a-eaa8aa3122c0
93c5d66b-61c2-4788-93f4-c5365a2c75f5
f6bfb493-bac4-48dc-9381-c2b2208ecaa9
eba64672-ffa3-4afb-a754-e391f7f16c7a
07650d2b-484e-4b84-b6c3-5210ac89a988
3322ca12-3f90-4ca7-aca9-2056a9ac655b
3a7ab0a0-710a-40d4-9e56-5e4c0bda4695
622a9a08-4c02-4c5f-af67-30e0847a6b4e
5f9ef349-7259-4c69-afce-eff2559ce07a
84840e5b-72cf-4718-be5d-9e52e55df89d
7373796b-fe46-4e65-b912-ee6bc8e87943
31ba0f4c-0f29-4075-bbbd-a36a59c53dc0
8264b198-c228-4f77-b392-055a79a220e2
59d22a58-8d4a-47dc-b651-da16f45ff467
950708d6-8577-4cdd-aaf0-34c4d01079c5
9e4d55ba-4482-4a67-995f-798789b4d8a9
a548d35f-1ca8-44e3-8787-ac9c2cee89a5
c4cf0e59-f2a9-400d-964e-3a887cd8544d
2c85dda6-6aa4-4057-bada-f4e143af944b
9e7d4d52-af4a-45a3-bd8a-4ad55f05e8e3
6306e98b-d983-4e34-aa6a-cdab8abc3b3a
d89807b3-f23b-40ff-8c8f-a8f038eb6dea
3c3fcb55-4c18-4b47-a9b8-f7aa2da2663d
47ebcb46-47d7-41db-9014-d407a3dac043
f1ad1dd8-b1b3-4818-9d23-aac5f0ba6f17
4a3a2040-1763-4634-bdab-5a18c8ded540
f32f1cac-6a9a-45b9-a77d-99e882542068
f85ac79a-66ab-4c35-8497-bfbd966e5a67
0bd54f48-660e-4c81-bad4-6b9edf4f56d8
74a897d8-7ad2-4b3d-9998-7b6d89de2bbf
75633cef-b4f4-4730-bec8-81a10f3189cd
83fd65ad-a955-4b78-977c-6ee4dc9c7466
ff9cd019-d40f-4a42-a615-dfa6a191b5db
65ce96f9-4022-492d-a3de-5cd9c7a90343
15009136-5583-4909-b038-9ecd1da34351
90274450-12d3-405e-9cd9-f5b73841355d
ca913f99-bbbc-441e-97a6-0a61ae801305
08de299e-9c9d-48eb-b323-d30e9f63487d
1863e07b-5f4a-4181-8359-ed288ec0840c
73957896-5364-47a5-a779-355f72170b85
31cc046e-6fec-45e8-a349-76e3dbd832b2
d68dd782-d833-420c-b85e-dcb2a82fb444
723d6932-60c1-4750-a91c-5008036a62d7
6e6a8e8c-b396-4595-b372-65b81eef9912
54e9d6bb-3fac-4477-a02a-76e32f295432
5d154560-a744-470c-a31f-282e07da45fd
3a54f748-9f25-40fe-b0fb-b3b1feca3608
532d3cc8-b3db-42e8-9678-fbf7300e1a76
540b27a4-14bb-4fdf-b25e-5d44927ce02b
43bb6d38-9a69-48c5-a455-27ee961c1f40
9ff89c2b-ee58-47f8-93d1-4c0a6bdbdeb3
c9abc4ca-f443-4592-be9d-67147a48b0ba
49bf3507-bb6d-4b22-a469-279b4f6e3a97
29a04f20-ab85-480c-8cbc-d188f0a365dc
0537f27c-4fee-450b-95b4-789edda1bdfc
fd5501a5-908a-4edd-8948-acc583db0b86
a6bfe97c-8430-4bc2-aeaa-8d44af91c1b6
81b97305-d863-4ec3-9c8c-3c04d01198cc
63e9587f-f9b2-4f8a-af00-27243aa8aeec
3a57f4ad-74d5-4da5-8a21-4c6e950ef3b7
0ce3eb60-675a-4913-ab1a-5a31558b2c94
74f9b27e-16bd-4e97-af5f-16fe076c9a6a
ecf7550f-e2cf-4707-b3e9-1146676fa8fa
7bed62d3-e498-46b8-ab1a-1f9879711223
7e4a18be-ac22-408e-bf29-5d999d1b38e2
